<?xml version="1.0" encoding="utf-8"?><testsuites name="pytest tests"><testsuite name="pytest" errors="0" failures="0" skipped="0" tests="17" time="1.863" timestamp="2026-07-08T19:18:00.426870+00:00" hostname="agent-env-1adfa15f-5092-4621-910d-4fa31a1ceff9"><testcase classname="backend.tests.test_p_sync.TestSecurityFiles" name="test_redirects_has_blocks" time="0.000" /><testcase classname="backend.tests.test_p_sync.TestSecurityFiles" name="test_netlify_toml_has_blocks" time="0.000" /><testcase classname="backend.tests.test_p_sync.TestSecurityFiles" name="test_security_txt_exists" time="0.000" /><testcase classname="backend.tests.test_p_sync.TestSecurityFiles" name="test_security_txt_fetchable" time="0.155" /><testcase classname="backend.tests.test_p_sync.TestSecurityFiles" name="test_no_secrets_in_public_js" time="0.078" /><testcase classname="backend.tests.test_p_sync" name="test_p_page_matches_db[\u0645\u0646\u062f\u0648\u0628-\u0645\u0628\u064a\u0639\u0627\u062a-332201.html-332201-9-\u062e\u0628\u0631\u0629 \u0644\u0645\u062f\u0629 \u0633\u0646\u0629]" time="0.163" /><testcase classname="backend.tests.test_p_sync" name="test_p_page_matches_db[\u0645\u0646\u062f\u0648\u0628-\u0645\u0634\u062a\u0631\u064a\u0627\u062a-332302.html-332302-9-\u0633\u0646\u062a\u064a\u0646]" time="0.141" /><testcase classname="backend.tests.test_p_sync" name="test_p_page_matches_db[\u0623\u062e\u0635\u0627\u0626\u064a-\u062a\u0633\u0648\u064a\u0642-243110.html-243110-9-None]" time="0.109" /><testcase classname="backend.tests.test_p_sync" name="test_p_page_matches_db[\u0639\u0627\u0645\u0644-\u0645\u062e\u0632\u0646-933103.html-933103-8-\u0627\u0644\u0627\u0639\u062a\u0645\u0627\u062f \u0627\u0644\u0645\u0647\u0646\u064a]" time="0.117" /><testcase classname="backend.tests.test_p_sync" name="test_p_page_matches_db[\u0639\u0627\u0645\u0644-\u0648\u0636\u0639-\u0645\u0644\u0635\u0642\u0627\u062a-932103.html-932103-7-\u0644\u0627 \u062a\u062a\u0637\u0644\u0628 \u0627\u0639\u062a\u0645\u0627\u062f]" time="0.151" /><testcase classname="backend.tests.test_p_sync" name="test_p_page_has_note_box_marker[\u0645\u0646\u062f\u0648\u0628-\u0645\u0628\u064a\u0639\u0627\u062a-332201.html]" time="0.100" /><testcase classname="backend.tests.test_p_sync" name="test_p_page_has_note_box_marker[\u0645\u0646\u062f\u0648\u0628-\u0645\u0634\u062a\u0631\u064a\u0627\u062a-332302.html]" time="0.152" /><testcase classname="backend.tests.test_p_sync" name="test_p_page_has_note_box_marker[\u0623\u062e\u0635\u0627\u0626\u064a-\u062a\u0633\u0648\u064a\u0642-243110.html]" time="0.109" /><testcase classname="backend.tests.test_p_sync" name="test_p_page_has_note_box_marker[\u0639\u0627\u0645\u0644-\u0645\u062e\u0632\u0646-933103.html]" time="0.152" /><testcase classname="backend.tests.test_p_sync" name="test_p_page_has_note_box_marker[\u0639\u0627\u0645\u0644-\u0648\u0636\u0639-\u0645\u0644\u0635\u0642\u0627\u062a-932103.html]" time="0.112" /><testcase classname="backend.tests.test_p_sync.TestRegressions" name="test_dalil_1_status" time="0.124" /><testcase classname="backend.tests.test_p_sync.TestRegressions" name="test_professions_page" time="0.105" /></testsuite></testsuites>